# JRE version: Java(TM) SE Runtime Environment (20.0.1+9) (build 20.0.1+9-29)
# Java VM: Java HotSpot(TM) 64-Bit Server VM (20.0.1+9-29, mixed mode, sharing, tiered, compressed oops, compressed class ptrs, g1 gc, windows-amd64)
GC Precious Log:
 CardTable entry size: 512
 Card Set container configuration: InlinePtr #cards 5 size 8 Array Of Cards #cards 12 size 40 Howl #buckets 4 coarsen threshold 1843 Howl Bitmap #cards 512 size 80 coarsen threshold 460 Card regions per heap region 1 cards per card region 2048
 CPUs: 8 total, 8 available
 Memory: 7914M
 Large Page Support: Disabled
 NUMA Support: Disabled
 Compressed Oops: Enabled (32-bit)
 Heap Region Size: 1M
 Heap Min Capacity: 8M
 Heap Initial Capacity: 124M
 Heap Max Capacity: 1980M
 Pre-touch: Disabled
 Parallel Workers: 8
 Concurrent Workers: 2
 Concurrent Refinement Workers: 8
 Periodic GC: Disabled
Heap:
 garbage-first heap   total 184320K, used 6475K [0x0000000084400000, 0x0000000100000000)
  region size 1024K, 3 young (3072K), 1 survivors (1024K)
 Metaspace       used 10063K, committed 10240K, reserved 1114112K
  class space    used 1183K, committed 1280K, reserved 1048576K
GC Heap History (12 events):
Event: 125.354 GC heap before
{Heap before GC invocations=0 (full 0):
 garbage-first heap   total 126976K, used 23552K [0x0000000084400000, 0x0000000100000000)
  region size 1024K, 23 young (23552K), 0 survivors (0K)
 Metaspace       used 5739K, committed 5888K, reserved 1114112K
  class space    used 659K, committed 768K, reserved 1048576K
}
Event: 128.781 GC heap after
{Heap after GC invocations=1 (full 0):
 garbage-first heap   total 126976K, used 3784K [0x0000000084400000, 0x0000000100000000)
  region size 1024K, 3 young (3072K), 3 survivors (3072K)
 Metaspace       used 5739K, committed 5888K, reserved 1114112K
  class space    used 659K, committed 768K, reserved 1048576K
}
Event: 130.078 GC heap before
{Heap before GC invocations=1 (full 0):
 garbage-first heap   total 126976K, used 6856K [0x0000000084400000, 0x0000000100000000)
  region size 1024K, 6 young (6144K), 3 survivors (3072K)
 Metaspace       used 5847K, committed 6016K, reserved 1114112K
  class space    used 679K, committed 768K, reserved 1048576K
}
Event: 130.233 GC heap after
{Heap after GC invocations=2 (full 0):
 garbage-first heap   total 126976K, used 4364K [0x0000000084400000, 0x0000000100000000)
  region size 1024K, 1 young (1024K), 1 survivors (1024K)
 Metaspace       used 5847K, committed 6016K, reserved 1114112K
  class space    used 679K, committed 768K, reserved 1048576K
}
Event: 141.289 GC heap before
{Heap before GC invocations=2 (full 0):
 garbage-first heap   total 126976K, used 13580K [0x0000000084400000, 0x0000000100000000)
  region size 1024K, 11 young (11264K), 1 survivors (1024K)
 Metaspace       used 7003K, committed 7232K, reserved 1114112K
  class space    used 803K, committed 896K, reserved 1048576K
}
Event: 141.659 GC heap after
{Heap after GC invocations=3 (full 0):
 garbage-first heap   total 126976K, used 4430K [0x0000000084400000, 0x0000000100000000)
  region size 1024K, 1 young (1024K), 1 survivors (1024K)
 Metaspace       used 7003K, committed 7232K, reserved 1114112K
  class space    used 803K, committed 896K, reserved 1048576K
}
Event: 145.724 GC heap before
{Heap before GC invocations=3 (full 0):
 garbage-first heap   total 126976K, used 9550K [0x0000000084400000, 0x0000000100000000)
  region size 1024K, 6 young (6144K), 1 survivors (1024K)
 Metaspace       used 7577K, committed 7744K, reserved 1114112K
  class space    used 865K, committed 960K, reserved 1048576K
}
Event: 145.726 GC heap after
{Heap after GC invocations=4 (full 0):
 garbage-first heap   total 126976K, used 4598K [0x0000000084400000, 0x0000000100000000)
  region size 1024K, 1 young (1024K), 1 survivors (1024K)
 Metaspace       used 7577K, committed 7744K, reserved 1114112K
  class space    used 865K, committed 960K, reserved 1048576K
}
Event: 150.422 GC heap before
{Heap before GC invocations=4 (full 0):
 garbage-first heap   total 126976K, used 8694K [0x0000000084400000, 0x0000000100000000)
  region size 1024K, 6 young (6144K), 1 survivors (1024K)
 Metaspace       used 8755K, committed 8960K, reserved 1114112K
  class space    used 1010K, committed 1088K, reserved 1048576K
}
Event: 150.475 GC heap after
{Heap after GC invocations=5 (full 0):
 garbage-first heap   total 126976K, used 5006K [0x0000000084400000, 0x0000000100000000)
  region size 1024K, 1 young (1024K), 1 survivors (1024K)
 Metaspace       used 8755K, committed 8960K, reserved 1114112K
  class space    used 1010K, committed 1088K, reserved 1048576K
}
Event: 156.854 GC heap before
{Heap before GC invocations=5 (full 0):
 garbage-first heap   total 126976K, used 10126K [0x0000000084400000, 0x0000000100000000)
  region size 1024K, 6 young (6144K), 1 survivors (1024K)
 Metaspace       used 9750K, committed 9856K, reserved 1114112K
  class space    used 1138K, committed 1216K, reserved 1048576K
}
Event: 156.863 GC heap after
{Heap after GC invocations=6 (full 0):
 garbage-first heap   total 184320K, used 5451K [0x0000000084400000, 0x0000000100000000)
  region size 1024K, 1 young (1024K), 1 survivors (1024K)
 Metaspace       used 9750K, committed 9856K, reserved 1114112K
  class space    used 1138K, committed 1216K, reserved 1048576K
}

