# JRE version: Java(TM) SE Runtime Environment (20.0.1+9) (build 20.0.1+9-29)
# Java VM: Java HotSpot(TM) 64-Bit Server VM (20.0.1+9-29, mixed mode, sharing, tiered, compressed oops, compressed class ptrs, g1 gc, windows-amd64)
GC Precious Log:
 CardTable entry size: 512
 Card Set container configuration: InlinePtr #cards 5 size 8 Array Of Cards #cards 12 size 40 Howl #buckets 4 coarsen threshold 1843 Howl Bitmap #cards 512 size 80 coarsen threshold 460 Card regions per heap region 1 cards per card region 2048
 CPUs: 8 total, 8 available
 Memory: 7914M
 Large Page Support: Disabled
 NUMA Support: Disabled
 Compressed Oops: Enabled (32-bit)
 Heap Region Size: 1M
 Heap Min Capacity: 8M
 Heap Initial Capacity: 124M
 Heap Max Capacity: 1980M
 Pre-touch: Disabled
 Parallel Workers: 8
 Concurrent Workers: 2
 Concurrent Refinement Workers: 8
 Periodic GC: Disabled
Heap:
 garbage-first heap   total 126976K, used 7979K [0x0000000084400000, 0x0000000100000000)
  region size 1024K, 6 young (6144K), 3 survivors (3072K)
 Metaspace       used 11561K, committed 11712K, reserved 1114112K
  class space    used 1371K, committed 1472K, reserved 1048576K
GC Heap History (8 events):
Event: 124.879 GC heap before
{Heap before GC invocations=0 (full 0):
 garbage-first heap   total 126976K, used 23552K [0x0000000084400000, 0x0000000100000000)
  region size 1024K, 23 young (23552K), 0 survivors (0K)
 Metaspace       used 5724K, committed 5952K, reserved 1114112K
  class space    used 659K, committed 768K, reserved 1048576K
}
Event: 125.655 GC heap after
{Heap after GC invocations=1 (full 0):
 garbage-first heap   total 126976K, used 3800K [0x0000000084400000, 0x0000000100000000)
  region size 1024K, 3 young (3072K), 3 survivors (3072K)
 Metaspace       used 5724K, committed 5952K, reserved 1114112K
  class space    used 659K, committed 768K, reserved 1048576K
}
Event: 126.158 GC heap before
{Heap before GC invocations=1 (full 0):
 garbage-first heap   total 126976K, used 6872K [0x0000000084400000, 0x0000000100000000)
  region size 1024K, 6 young (6144K), 3 survivors (3072K)
 Metaspace       used 5877K, committed 6016K, reserved 1114112K
  class space    used 683K, committed 768K, reserved 1048576K
}
Event: 126.169 GC heap after
{Heap after GC invocations=2 (full 0):
 garbage-first heap   total 126976K, used 4288K [0x0000000084400000, 0x0000000100000000)
  region size 1024K, 1 young (1024K), 1 survivors (1024K)
 Metaspace       used 5877K, committed 6016K, reserved 1114112K
  class space    used 683K, committed 768K, reserved 1048576K
}
Event: 139.756 GC heap before
{Heap before GC invocations=2 (full 0):
 garbage-first heap   total 126976K, used 15552K [0x0000000084400000, 0x0000000100000000)
  region size 1024K, 13 young (13312K), 1 survivors (1024K)
 Metaspace       used 7172K, committed 7360K, reserved 1114112K
  class space    used 822K, committed 896K, reserved 1048576K
}
Event: 139.760 GC heap after
{Heap after GC invocations=3 (full 0):
 garbage-first heap   total 126976K, used 4370K [0x0000000084400000, 0x0000000100000000)
  region size 1024K, 1 young (1024K), 1 survivors (1024K)
 Metaspace       used 7172K, committed 7360K, reserved 1114112K
  class space    used 822K, committed 896K, reserved 1048576K
}
Event: 157.880 GC heap before
{Heap before GC invocations=3 (full 0):
 garbage-first heap   total 126976K, used 23826K [0x0000000084400000, 0x0000000100000000)
  region size 1024K, 20 young (20480K), 1 survivors (1024K)
 Metaspace       used 11125K, committed 11328K, reserved 1114112K
  class space    used 1307K, committed 1408K, reserved 1048576K
}
Event: 158.921 GC heap after
{Heap after GC invocations=4 (full 0):
 garbage-first heap   total 126976K, used 5931K [0x0000000084400000, 0x0000000100000000)
  region size 1024K, 3 young (3072K), 3 survivors (3072K)
 Metaspace       used 11125K, committed 11328K, reserved 1114112K
  class space    used 1307K, committed 1408K, reserved 1048576K
}

