# JRE version: Java(TM) SE Runtime Environment (20.0.1+9) (build 20.0.1+9-29)
# Java VM: Java HotSpot(TM) 64-Bit Server VM (20.0.1+9-29, mixed mode, sharing, tiered, compressed oops, compressed class ptrs, g1 gc, windows-amd64)
GC Precious Log:
 CardTable entry size: 512
 Card Set container configuration: InlinePtr #cards 5 size 8 Array Of Cards #cards 12 size 40 Howl #buckets 4 coarsen threshold 1843 Howl Bitmap #cards 512 size 80 coarsen threshold 460 Card regions per heap region 1 cards per card region 2048
 CPUs: 8 total, 8 available
 Memory: 7914M
 Large Page Support: Disabled
 NUMA Support: Disabled
 Compressed Oops: Enabled (32-bit)
 Heap Region Size: 1M
 Heap Min Capacity: 8M
 Heap Initial Capacity: 124M
 Heap Max Capacity: 1980M
 Pre-touch: Disabled
 Parallel Workers: 8
 Concurrent Workers: 2
 Concurrent Refinement Workers: 8
 Periodic GC: Disabled
Heap:
 garbage-first heap   total 126976K, used 12605K [0x0000000084400000, 0x0000000100000000)
  region size 1024K, 9 young (9216K), 1 survivors (1024K)
 Metaspace       used 11383K, committed 11584K, reserved 1114112K
  class space    used 1346K, committed 1472K, reserved 1048576K
GC Heap History (14 events):
Event: 136.997 GC heap before
{Heap before GC invocations=0 (full 0):
 garbage-first heap   total 126976K, used 23552K [0x0000000084400000, 0x0000000100000000)
  region size 1024K, 23 young (23552K), 0 survivors (0K)
 Metaspace       used 5768K, committed 6016K, reserved 1114112K
  class space    used 662K, committed 768K, reserved 1048576K
}
Event: 140.543 GC heap after
{Heap after GC invocations=1 (full 0):
 garbage-first heap   total 126976K, used 3808K [0x0000000084400000, 0x0000000100000000)
  region size 1024K, 3 young (3072K), 3 survivors (3072K)
 Metaspace       used 5768K, committed 6016K, reserved 1114112K
  class space    used 662K, committed 768K, reserved 1048576K
}
Event: 141.678 GC heap before
{Heap before GC invocations=1 (full 0):
 garbage-first heap   total 126976K, used 6880K [0x0000000084400000, 0x0000000100000000)
  region size 1024K, 6 young (6144K), 3 survivors (3072K)
 Metaspace       used 5915K, committed 6080K, reserved 1114112K
  class space    used 686K, committed 768K, reserved 1048576K
}
Event: 141.685 GC heap after
{Heap after GC invocations=2 (full 0):
 garbage-first heap   total 126976K, used 4427K [0x0000000084400000, 0x0000000100000000)
  region size 1024K, 1 young (1024K), 1 survivors (1024K)
 Metaspace       used 5915K, committed 6080K, reserved 1114112K
  class space    used 686K, committed 768K, reserved 1048576K
}
Event: 143.513 GC heap before
{Heap before GC invocations=2 (full 0):
 garbage-first heap   total 126976K, used 9547K [0x0000000084400000, 0x0000000100000000)
  region size 1024K, 6 young (6144K), 1 survivors (1024K)
 Metaspace       used 6559K, committed 6720K, reserved 1114112K
  class space    used 753K, committed 832K, reserved 1048576K
}
Event: 143.515 GC heap after
{Heap after GC invocations=3 (full 0):
 garbage-first heap   total 126976K, used 4251K [0x0000000084400000, 0x0000000100000000)
  region size 1024K, 1 young (1024K), 1 survivors (1024K)
 Metaspace       used 6559K, committed 6720K, reserved 1114112K
  class space    used 753K, committed 832K, reserved 1048576K
}
Event: 144.892 GC heap before
{Heap before GC invocations=3 (full 0):
 garbage-first heap   total 126976K, used 8347K [0x0000000084400000, 0x0000000100000000)
  region size 1024K, 6 young (6144K), 1 survivors (1024K)
 Metaspace       used 7002K, committed 7168K, reserved 1114112K
  class space    used 803K, committed 896K, reserved 1048576K
}
Event: 144.894 GC heap after
{Heap after GC invocations=4 (full 0):
 garbage-first heap   total 126976K, used 4397K [0x0000000084400000, 0x0000000100000000)
  region size 1024K, 1 young (1024K), 1 survivors (1024K)
 Metaspace       used 7002K, committed 7168K, reserved 1114112K
  class space    used 803K, committed 896K, reserved 1048576K
}
Event: 145.724 GC heap before
{Heap before GC invocations=4 (full 0):
 garbage-first heap   total 126976K, used 9517K [0x0000000084400000, 0x0000000100000000)
  region size 1024K, 6 young (6144K), 1 survivors (1024K)
 Metaspace       used 7596K, committed 7744K, reserved 1114112K
  class space    used 875K, committed 960K, reserved 1048576K
}
Event: 145.726 GC heap after
{Heap after GC invocations=5 (full 0):
 garbage-first heap   total 126976K, used 4666K [0x0000000084400000, 0x0000000100000000)
  region size 1024K, 1 young (1024K), 1 survivors (1024K)
 Metaspace       used 7596K, committed 7744K, reserved 1114112K
  class space    used 875K, committed 960K, reserved 1048576K
}
Event: 148.933 GC heap before
{Heap before GC invocations=5 (full 0):
 garbage-first heap   total 126976K, used 8762K [0x0000000084400000, 0x0000000100000000)
  region size 1024K, 6 young (6144K), 1 survivors (1024K)
 Metaspace       used 8790K, committed 8960K, reserved 1114112K
  class space    used 1015K, committed 1088K, reserved 1048576K
}
Event: 148.936 GC heap after
{Heap after GC invocations=6 (full 0):
 garbage-first heap   total 126976K, used 5041K [0x0000000084400000, 0x0000000100000000)
  region size 1024K, 1 young (1024K), 1 survivors (1024K)
 Metaspace       used 8790K, committed 8960K, reserved 1114112K
  class space    used 1015K, committed 1088K, reserved 1048576K
}
Event: 150.594 GC heap before
{Heap before GC invocations=6 (full 0):
 garbage-first heap   total 126976K, used 10161K [0x0000000084400000, 0x0000000100000000)
  region size 1024K, 6 young (6144K), 1 survivors (1024K)
 Metaspace       used 9811K, committed 9920K, reserved 1114112K
  class space    used 1147K, committed 1216K, reserved 1048576K
}
Event: 150.604 GC heap after
{Heap after GC invocations=7 (full 0):
 garbage-first heap   total 126976K, used 5437K [0x0000000084400000, 0x0000000100000000)
  region size 1024K, 1 young (1024K), 1 survivors (1024K)
 Metaspace       used 9811K, committed 9920K, reserved 1114112K
  class space    used 1147K, committed 1216K, reserved 1048576K
}

