# JRE version: Java(TM) SE Runtime Environment (20.0.1+9) (build 20.0.1+9-29)
# Java VM: Java HotSpot(TM) 64-Bit Server VM (20.0.1+9-29, mixed mode, sharing, tiered, compressed oops, compressed class ptrs, g1 gc, windows-amd64)
GC Precious Log:
 CardTable entry size: 512
 Card Set container configuration: InlinePtr #cards 5 size 8 Array Of Cards #cards 12 size 40 Howl #buckets 4 coarsen threshold 1843 Howl Bitmap #cards 512 size 80 coarsen threshold 460 Card regions per heap region 1 cards per card region 2048
 CPUs: 8 total, 8 available
 Memory: 7914M
 Large Page Support: Disabled
 NUMA Support: Disabled
 Compressed Oops: Enabled (32-bit)
 Heap Region Size: 1M
 Heap Min Capacity: 8M
 Heap Initial Capacity: 124M
 Heap Max Capacity: 1980M
 Pre-touch: Disabled
 Parallel Workers: 8
 Concurrent Workers: 2
 Concurrent Refinement Workers: 8
 Periodic GC: Disabled
Heap:
 garbage-first heap   total 126976K, used 6782K [0x0000000084400000, 0x0000000100000000)
  region size 1024K, 2 young (2048K), 1 survivors (1024K)
 Metaspace       used 11914K, committed 12096K, reserved 1114112K
  class space    used 1421K, committed 1536K, reserved 1048576K
GC Heap History (18 events):
Event: 133.535 GC heap before
{Heap before GC invocations=0 (full 0):
 garbage-first heap   total 126976K, used 22528K [0x0000000084400000, 0x0000000100000000)
  region size 1024K, 23 young (23552K), 0 survivors (0K)
 Metaspace       used 5740K, committed 5952K, reserved 1114112K
  class space    used 660K, committed 768K, reserved 1048576K
}
Event: 139.219 GC heap after
{Heap after GC invocations=1 (full 0):
 garbage-first heap   total 126976K, used 3792K [0x0000000084400000, 0x0000000100000000)
  region size 1024K, 3 young (3072K), 3 survivors (3072K)
 Metaspace       used 5740K, committed 5952K, reserved 1114112K
  class space    used 660K, committed 768K, reserved 1048576K
}
Event: 140.089 GC heap before
{Heap before GC invocations=1 (full 0):
 garbage-first heap   total 126976K, used 6864K [0x0000000084400000, 0x0000000100000000)
  region size 1024K, 6 young (6144K), 3 survivors (3072K)
 Metaspace       used 5893K, committed 6080K, reserved 1114112K
  class space    used 684K, committed 768K, reserved 1048576K
}
Event: 140.162 GC heap after
{Heap after GC invocations=2 (full 0):
 garbage-first heap   total 126976K, used 4181K [0x0000000084400000, 0x0000000100000000)
  region size 1024K, 1 young (1024K), 1 survivors (1024K)
 Metaspace       used 5893K, committed 6080K, reserved 1114112K
  class space    used 684K, committed 768K, reserved 1048576K
}
Event: 140.731 GC heap before
{Heap before GC invocations=2 (full 0):
 garbage-first heap   total 126976K, used 8277K [0x0000000084400000, 0x0000000100000000)
  region size 1024K, 6 young (6144K), 1 survivors (1024K)
 Metaspace       used 6531K, committed 6656K, reserved 1114112K
  class space    used 754K, committed 832K, reserved 1048576K
}
Event: 140.754 GC heap after
{Heap after GC invocations=3 (full 0):
 garbage-first heap   total 126976K, used 4277K [0x0000000084400000, 0x0000000100000000)
  region size 1024K, 1 young (1024K), 1 survivors (1024K)
 Metaspace       used 6531K, committed 6656K, reserved 1114112K
  class space    used 754K, committed 832K, reserved 1048576K
}
Event: 141.375 GC heap before
{Heap before GC invocations=3 (full 0):
 garbage-first heap   total 126976K, used 8373K [0x0000000084400000, 0x0000000100000000)
  region size 1024K, 6 young (6144K), 1 survivors (1024K)
 Metaspace       used 6984K, committed 7168K, reserved 1114112K
  class space    used 804K, committed 896K, reserved 1048576K
}
Event: 141.378 GC heap after
{Heap after GC invocations=4 (full 0):
 garbage-first heap   total 126976K, used 4410K [0x0000000084400000, 0x0000000100000000)
  region size 1024K, 1 young (1024K), 1 survivors (1024K)
 Metaspace       used 6984K, committed 7168K, reserved 1114112K
  class space    used 804K, committed 896K, reserved 1048576K
}
Event: 144.547 GC heap before
{Heap before GC invocations=4 (full 0):
 garbage-first heap   total 126976K, used 9530K [0x0000000084400000, 0x0000000100000000)
  region size 1024K, 6 young (6144K), 1 survivors (1024K)
 Metaspace       used 7618K, committed 7808K, reserved 1114112K
  class space    used 875K, committed 960K, reserved 1048576K
}
Event: 145.072 GC heap after
{Heap after GC invocations=5 (full 0):
 garbage-first heap   total 126976K, used 4725K [0x0000000084400000, 0x0000000100000000)
  region size 1024K, 1 young (1024K), 1 survivors (1024K)
 Metaspace       used 7618K, committed 7808K, reserved 1114112K
  class space    used 875K, committed 960K, reserved 1048576K
}
Event: 149.636 GC heap before
{Heap before GC invocations=5 (full 0):
 garbage-first heap   total 126976K, used 9845K [0x0000000084400000, 0x0000000100000000)
  region size 1024K, 6 young (6144K), 1 survivors (1024K)
 Metaspace       used 8796K, committed 8960K, reserved 1114112K
  class space    used 1017K, committed 1088K, reserved 1048576K
}
Event: 149.639 GC heap after
{Heap after GC invocations=6 (full 0):
 garbage-first heap   total 126976K, used 5063K [0x0000000084400000, 0x0000000100000000)
  region size 1024K, 1 young (1024K), 1 survivors (1024K)
 Metaspace       used 8796K, committed 8960K, reserved 1114112K
  class space    used 1017K, committed 1088K, reserved 1048576K
}
Event: 150.986 GC heap before
{Heap before GC invocations=6 (full 0):
 garbage-first heap   total 126976K, used 9159K [0x0000000084400000, 0x0000000100000000)
  region size 1024K, 6 young (6144K), 1 survivors (1024K)
 Metaspace       used 9816K, committed 9920K, reserved 1114112K
  class space    used 1147K, committed 1216K, reserved 1048576K
}
Event: 150.991 GC heap after
{Heap after GC invocations=7 (full 0):
 garbage-first heap   total 126976K, used 5566K [0x0000000084400000, 0x0000000100000000)
  region size 1024K, 1 young (1024K), 1 survivors (1024K)
 Metaspace       used 9816K, committed 9920K, reserved 1114112K
  class space    used 1147K, committed 1216K, reserved 1048576K
}
Event: 154.498 GC heap before
{Heap before GC invocations=7 (full 0):
 garbage-first heap   total 126976K, used 10686K [0x0000000084400000, 0x0000000100000000)
  region size 1024K, 6 young (6144K), 1 survivors (1024K)
 Metaspace       used 10983K, committed 11264K, reserved 1114112K
  class space    used 1293K, committed 1408K, reserved 1048576K
}
Event: 154.506 GC heap after
{Heap after GC invocations=8 (full 0):
 garbage-first heap   total 126976K, used 6083K [0x0000000084400000, 0x0000000100000000)
  region size 1024K, 1 young (1024K), 1 survivors (1024K)
 Metaspace       used 10983K, committed 11264K, reserved 1114112K
  class space    used 1293K, committed 1408K, reserved 1048576K
}
Event: 157.387 GC heap before
{Heap before GC invocations=8 (full 0):
 garbage-first heap   total 126976K, used 11203K [0x0000000084400000, 0x0000000100000000)
  region size 1024K, 6 young (6144K), 1 survivors (1024K)
 Metaspace       used 11840K, committed 12096K, reserved 1114112K
  class space    used 1411K, committed 1536K, reserved 1048576K
}
Event: 157.392 GC heap after
{Heap after GC invocations=9 (full 0):
 garbage-first heap   total 126976K, used 6782K [0x0000000084400000, 0x0000000100000000)
  region size 1024K, 1 young (1024K), 1 survivors (1024K)
 Metaspace       used 11840K, committed 12096K, reserved 1114112K
  class space    used 1411K, committed 1536K, reserved 1048576K
}

