# JRE version: Java(TM) SE Runtime Environment (20.0.1+9) (build 20.0.1+9-29)
# Java VM: Java HotSpot(TM) 64-Bit Server VM (20.0.1+9-29, mixed mode, sharing, tiered, compressed oops, compressed class ptrs, g1 gc, windows-amd64)
GC Precious Log:
 CardTable entry size: 512
 Card Set container configuration: InlinePtr #cards 5 size 8 Array Of Cards #cards 12 size 40 Howl #buckets 4 coarsen threshold 1843 Howl Bitmap #cards 512 size 80 coarsen threshold 460 Card regions per heap region 1 cards per card region 2048
 CPUs: 8 total, 8 available
 Memory: 7914M
 Large Page Support: Disabled
 NUMA Support: Disabled
 Compressed Oops: Enabled (32-bit)
 Heap Region Size: 1M
 Heap Min Capacity: 8M
 Heap Initial Capacity: 124M
 Heap Max Capacity: 1980M
 Pre-touch: Disabled
 Parallel Workers: 8
 Concurrent Workers: 2
 Concurrent Refinement Workers: 8
 Periodic GC: Disabled
Heap:
 garbage-first heap   total 126976K, used 8654K [0x0000000084400000, 0x0000000100000000)
  region size 1024K, 4 young (4096K), 1 survivors (1024K)
 Metaspace       used 12312K, committed 12480K, reserved 1114112K
  class space    used 1474K, committed 1536K, reserved 1048576K
GC Heap History (18 events):
Event: 138.152 GC heap before
{Heap before GC invocations=0 (full 0):
 garbage-first heap   total 126976K, used 23552K [0x0000000084400000, 0x0000000100000000)
  region size 1024K, 23 young (23552K), 0 survivors (0K)
 Metaspace       used 5737K, committed 5952K, reserved 1114112K
  class space    used 660K, committed 768K, reserved 1048576K
}
Event: 141.452 GC heap after
{Heap after GC invocations=1 (full 0):
 garbage-first heap   total 126976K, used 3784K [0x0000000084400000, 0x0000000100000000)
  region size 1024K, 3 young (3072K), 3 survivors (3072K)
 Metaspace       used 5737K, committed 5952K, reserved 1114112K
  class space    used 660K, committed 768K, reserved 1048576K
}
Event: 142.271 GC heap before
{Heap before GC invocations=1 (full 0):
 garbage-first heap   total 126976K, used 6856K [0x0000000084400000, 0x0000000100000000)
  region size 1024K, 6 young (6144K), 3 survivors (3072K)
 Metaspace       used 5907K, committed 6080K, reserved 1114112K
  class space    used 686K, committed 768K, reserved 1048576K
}
Event: 142.280 GC heap after
{Heap after GC invocations=2 (full 0):
 garbage-first heap   total 126976K, used 4299K [0x0000000084400000, 0x0000000100000000)
  region size 1024K, 1 young (1024K), 1 survivors (1024K)
 Metaspace       used 5907K, committed 6080K, reserved 1114112K
  class space    used 686K, committed 768K, reserved 1048576K
}
Event: 145.700 GC heap before
{Heap before GC invocations=2 (full 0):
 garbage-first heap   total 126976K, used 8395K [0x0000000084400000, 0x0000000100000000)
  region size 1024K, 6 young (6144K), 1 survivors (1024K)
 Metaspace       used 6605K, committed 6784K, reserved 1114112K
  class space    used 756K, committed 832K, reserved 1048576K
}
Event: 145.950 GC heap after
{Heap after GC invocations=3 (full 0):
 garbage-first heap   total 126976K, used 4130K [0x0000000084400000, 0x0000000100000000)
  region size 1024K, 1 young (1024K), 1 survivors (1024K)
 Metaspace       used 6605K, committed 6784K, reserved 1114112K
  class space    used 756K, committed 832K, reserved 1048576K
}
Event: 146.362 GC heap before
{Heap before GC invocations=3 (full 0):
 garbage-first heap   total 126976K, used 8226K [0x0000000084400000, 0x0000000100000000)
  region size 1024K, 6 young (6144K), 1 survivors (1024K)
 Metaspace       used 7004K, committed 7168K, reserved 1114112K
  class space    used 804K, committed 896K, reserved 1048576K
}
Event: 146.365 GC heap after
{Heap after GC invocations=4 (full 0):
 garbage-first heap   total 126976K, used 4287K [0x0000000084400000, 0x0000000100000000)
  region size 1024K, 1 young (1024K), 1 survivors (1024K)
 Metaspace       used 7004K, committed 7168K, reserved 1114112K
  class space    used 804K, committed 896K, reserved 1048576K
}
Event: 147.227 GC heap before
{Heap before GC invocations=4 (full 0):
 garbage-first heap   total 126976K, used 9407K [0x0000000084400000, 0x0000000100000000)
  region size 1024K, 6 young (6144K), 1 survivors (1024K)
 Metaspace       used 7658K, committed 7808K, reserved 1114112K
  class space    used 876K, committed 960K, reserved 1048576K
}
Event: 147.778 GC heap after
{Heap after GC invocations=5 (full 0):
 garbage-first heap   total 126976K, used 4531K [0x0000000084400000, 0x0000000100000000)
  region size 1024K, 1 young (1024K), 1 survivors (1024K)
 Metaspace       used 7658K, committed 7808K, reserved 1114112K
  class space    used 876K, committed 960K, reserved 1048576K
}
Event: 149.918 GC heap before
{Heap before GC invocations=5 (full 0):
 garbage-first heap   total 126976K, used 8627K [0x0000000084400000, 0x0000000100000000)
  region size 1024K, 6 young (6144K), 1 survivors (1024K)
 Metaspace       used 8829K, committed 9024K, reserved 1114112K
  class space    used 1019K, committed 1088K, reserved 1048576K
}
Event: 149.921 GC heap after
{Heap after GC invocations=6 (full 0):
 garbage-first heap   total 126976K, used 4852K [0x0000000084400000, 0x0000000100000000)
  region size 1024K, 1 young (1024K), 1 survivors (1024K)
 Metaspace       used 8829K, committed 9024K, reserved 1114112K
  class space    used 1019K, committed 1088K, reserved 1048576K
}
Event: 151.372 GC heap before
{Heap before GC invocations=6 (full 0):
 garbage-first heap   total 126976K, used 9972K [0x0000000084400000, 0x0000000100000000)
  region size 1024K, 6 young (6144K), 1 survivors (1024K)
 Metaspace       used 9845K, committed 9984K, reserved 1114112K
  class space    used 1148K, committed 1216K, reserved 1048576K
}
Event: 151.377 GC heap after
{Heap after GC invocations=7 (full 0):
 garbage-first heap   total 126976K, used 5426K [0x0000000084400000, 0x0000000100000000)
  region size 1024K, 1 young (1024K), 1 survivors (1024K)
 Metaspace       used 9845K, committed 9984K, reserved 1114112K
  class space    used 1148K, committed 1216K, reserved 1048576K
}
Event: 153.797 GC heap before
{Heap before GC invocations=7 (full 0):
 garbage-first heap   total 126976K, used 10546K [0x0000000084400000, 0x0000000100000000)
  region size 1024K, 6 young (6144K), 1 survivors (1024K)
 Metaspace       used 11025K, committed 11264K, reserved 1114112K
  class space    used 1296K, committed 1408K, reserved 1048576K
}
Event: 153.801 GC heap after
{Heap after GC invocations=8 (full 0):
 garbage-first heap   total 126976K, used 5927K [0x0000000084400000, 0x0000000100000000)
  region size 1024K, 1 young (1024K), 1 survivors (1024K)
 Metaspace       used 11025K, committed 11264K, reserved 1114112K
  class space    used 1296K, committed 1408K, reserved 1048576K
}
Event: 157.020 GC heap before
{Heap before GC invocations=8 (full 0):
 garbage-first heap   total 126976K, used 11047K [0x0000000084400000, 0x0000000100000000)
  region size 1024K, 6 young (6144K), 1 survivors (1024K)
 Metaspace       used 11827K, committed 12032K, reserved 1114112K
  class space    used 1410K, committed 1472K, reserved 1048576K
}
Event: 157.026 GC heap after
{Heap after GC invocations=9 (full 0):
 garbage-first heap   total 126976K, used 6606K [0x0000000084400000, 0x0000000100000000)
  region size 1024K, 1 young (1024K), 1 survivors (1024K)
 Metaspace       used 11827K, committed 12032K, reserved 1114112K
  class space    used 1410K, committed 1472K, reserved 1048576K
}

