# JRE version: Java(TM) SE Runtime Environment (20.0.1+9) (build 20.0.1+9-29)
# Java VM: Java HotSpot(TM) 64-Bit Server VM (20.0.1+9-29, mixed mode, sharing, tiered, compressed oops, compressed class ptrs, g1 gc, windows-amd64)
GC Precious Log:
 CardTable entry size: 512
 Card Set container configuration: InlinePtr #cards 5 size 8 Array Of Cards #cards 12 size 40 Howl #buckets 4 coarsen threshold 1843 Howl Bitmap #cards 512 size 80 coarsen threshold 460 Card regions per heap region 1 cards per card region 2048
 CPUs: 8 total, 8 available
 Memory: 7914M
 Large Page Support: Disabled
 NUMA Support: Disabled
 Compressed Oops: Enabled (32-bit)
 Heap Region Size: 1M
 Heap Min Capacity: 8M
 Heap Initial Capacity: 124M
 Heap Max Capacity: 1980M
 Pre-touch: Disabled
 Parallel Workers: 8
 Concurrent Workers: 2
 Concurrent Refinement Workers: 8
 Periodic GC: Disabled
Heap:
 garbage-first heap   total 126976K, used 6505K [0x0000000084400000, 0x0000000100000000)
  region size 1024K, 4 young (4096K), 1 survivors (1024K)
 Metaspace       used 7266K, committed 7360K, reserved 1114112K
  class space    used 827K, committed 896K, reserved 1048576K
GC Heap History (8 events):
Event: 150.171 GC heap before
{Heap before GC invocations=0 (full 0):
 garbage-first heap   total 126976K, used 23552K [0x0000000084400000, 0x0000000100000000)
  region size 1024K, 23 young (23552K), 0 survivors (0K)
 Metaspace       used 5757K, committed 5952K, reserved 1114112K
  class space    used 660K, committed 768K, reserved 1048576K
}
Event: 153.325 GC heap after
{Heap after GC invocations=1 (full 0):
 garbage-first heap   total 126976K, used 3832K [0x0000000084400000, 0x0000000100000000)
  region size 1024K, 3 young (3072K), 3 survivors (3072K)
 Metaspace       used 5757K, committed 5952K, reserved 1114112K
  class space    used 660K, committed 768K, reserved 1048576K
}
Event: 153.848 GC heap before
{Heap before GC invocations=1 (full 0):
 garbage-first heap   total 126976K, used 6904K [0x0000000084400000, 0x0000000100000000)
  region size 1024K, 6 young (6144K), 3 survivors (3072K)
 Metaspace       used 5904K, committed 6080K, reserved 1114112K
  class space    used 684K, committed 768K, reserved 1048576K
}
Event: 153.861 GC heap after
{Heap after GC invocations=2 (full 0):
 garbage-first heap   total 126976K, used 4459K [0x0000000084400000, 0x0000000100000000)
  region size 1024K, 1 young (1024K), 1 survivors (1024K)
 Metaspace       used 5904K, committed 6080K, reserved 1114112K
  class space    used 684K, committed 768K, reserved 1048576K
}
Event: 159.074 GC heap before
{Heap before GC invocations=2 (full 0):
 garbage-first heap   total 126976K, used 9579K [0x0000000084400000, 0x0000000100000000)
  region size 1024K, 6 young (6144K), 1 survivors (1024K)
 Metaspace       used 6621K, committed 6784K, reserved 1114112K
  class space    used 753K, committed 832K, reserved 1048576K
}
Event: 159.258 GC heap after
{Heap after GC invocations=3 (full 0):
 garbage-first heap   total 126976K, used 4283K [0x0000000084400000, 0x0000000100000000)
  region size 1024K, 1 young (1024K), 1 survivors (1024K)
 Metaspace       used 6621K, committed 6784K, reserved 1114112K
  class space    used 753K, committed 832K, reserved 1048576K
}
Event: 162.052 GC heap before
{Heap before GC invocations=3 (full 0):
 garbage-first heap   total 126976K, used 8379K [0x0000000084400000, 0x0000000100000000)
  region size 1024K, 6 young (6144K), 1 survivors (1024K)
 Metaspace       used 7024K, committed 7232K, reserved 1114112K
  class space    used 803K, committed 896K, reserved 1048576K
}
Event: 162.055 GC heap after
{Heap after GC invocations=4 (full 0):
 garbage-first heap   total 126976K, used 4457K [0x0000000084400000, 0x0000000100000000)
  region size 1024K, 1 young (1024K), 1 survivors (1024K)
 Metaspace       used 7024K, committed 7232K, reserved 1114112K
  class space    used 803K, committed 896K, reserved 1048576K
}

