# JRE version: Java(TM) SE Runtime Environment (20.0.1+9) (build 20.0.1+9-29)
# Java VM: Java HotSpot(TM) 64-Bit Server VM (20.0.1+9-29, mixed mode, sharing, tiered, compressed oops, compressed class ptrs, g1 gc, windows-amd64)
GC Precious Log:
 CardTable entry size: 512
 Card Set container configuration: InlinePtr #cards 5 size 8 Array Of Cards #cards 12 size 40 Howl #buckets 4 coarsen threshold 1843 Howl Bitmap #cards 512 size 80 coarsen threshold 460 Card regions per heap region 1 cards per card region 2048
 CPUs: 8 total, 8 available
 Memory: 7914M
 Large Page Support: Disabled
 NUMA Support: Disabled
 Compressed Oops: Enabled (32-bit)
 Heap Region Size: 1M
 Heap Min Capacity: 8M
 Heap Initial Capacity: 124M
 Heap Max Capacity: 1980M
 Pre-touch: Disabled
 Parallel Workers: 8
 Concurrent Workers: 2
 Concurrent Refinement Workers: 8
 Periodic GC: Disabled
Heap:
 garbage-first heap   total 126976K, used 6125K [0x0000000084400000, 0x0000000100000000)
  region size 1024K, 1 young (1024K), 1 survivors (1024K)
 Metaspace       used 10902K, committed 11072K, reserved 1114112K
  class space    used 1279K, committed 1344K, reserved 1048576K
GC Heap History (15 events):
Event: 137.179 GC heap before
{Heap before GC invocations=0 (full 0):
 garbage-first heap   total 126976K, used 22528K [0x0000000084400000, 0x0000000100000000)
  region size 1024K, 23 young (23552K), 0 survivors (0K)
 Metaspace       used 5734K, committed 5888K, reserved 1114112K
  class space    used 658K, committed 768K, reserved 1048576K
}
Event: 142.942 GC heap after
{Heap after GC invocations=1 (full 0):
 garbage-first heap   total 126976K, used 3784K [0x0000000084400000, 0x0000000100000000)
  region size 1024K, 3 young (3072K), 3 survivors (3072K)
 Metaspace       used 5734K, committed 5888K, reserved 1114112K
  class space    used 658K, committed 768K, reserved 1048576K
}
Event: 144.780 GC heap before
{Heap before GC invocations=1 (full 0):
 garbage-first heap   total 126976K, used 6856K [0x0000000084400000, 0x0000000100000000)
  region size 1024K, 6 young (6144K), 3 survivors (3072K)
 Metaspace       used 5843K, committed 6016K, reserved 1114112K
  class space    used 678K, committed 768K, reserved 1048576K
}
Event: 144.956 GC heap after
{Heap after GC invocations=2 (full 0):
 garbage-first heap   total 126976K, used 4511K [0x0000000084400000, 0x0000000100000000)
  region size 1024K, 1 young (1024K), 1 survivors (1024K)
 Metaspace       used 5843K, committed 6016K, reserved 1114112K
  class space    used 678K, committed 768K, reserved 1048576K
}
Event: 149.445 GC heap before
{Heap before GC invocations=2 (full 0):
 garbage-first heap   total 126976K, used 9631K [0x0000000084400000, 0x0000000100000000)
  region size 1024K, 6 young (6144K), 1 survivors (1024K)
 Metaspace       used 6517K, committed 6656K, reserved 1114112K
  class space    used 748K, committed 832K, reserved 1048576K
}
Event: 149.598 GC heap after
{Heap after GC invocations=3 (full 0):
 garbage-first heap   total 126976K, used 4348K [0x0000000084400000, 0x0000000100000000)
  region size 1024K, 1 young (1024K), 1 survivors (1024K)
 Metaspace       used 6517K, committed 6656K, reserved 1114112K
  class space    used 748K, committed 832K, reserved 1048576K
}
Event: 151.716 GC heap before
{Heap before GC invocations=3 (full 0):
 garbage-first heap   total 126976K, used 9468K [0x0000000084400000, 0x0000000100000000)
  region size 1024K, 6 young (6144K), 1 survivors (1024K)
 Metaspace       used 6958K, committed 7168K, reserved 1114112K
  class space    used 800K, committed 896K, reserved 1048576K
}
Event: 151.758 GC heap after
{Heap after GC invocations=4 (full 0):
 garbage-first heap   total 126976K, used 4560K [0x0000000084400000, 0x0000000100000000)
  region size 1024K, 1 young (1024K), 1 survivors (1024K)
 Metaspace       used 6958K, committed 7168K, reserved 1114112K
  class space    used 800K, committed 896K, reserved 1048576K
}
Event: 153.015 GC heap before
{Heap before GC invocations=4 (full 0):
 garbage-first heap   total 126976K, used 8656K [0x0000000084400000, 0x0000000100000000)
  region size 1024K, 6 young (6144K), 1 survivors (1024K)
 Metaspace       used 7538K, committed 7744K, reserved 1114112K
  class space    used 864K, committed 960K, reserved 1048576K
}
Event: 153.019 GC heap after
{Heap after GC invocations=5 (full 0):
 garbage-first heap   total 126976K, used 4760K [0x0000000084400000, 0x0000000100000000)
  region size 1024K, 1 young (1024K), 1 survivors (1024K)
 Metaspace       used 7538K, committed 7744K, reserved 1114112K
  class space    used 864K, committed 960K, reserved 1048576K
}
Event: 154.716 GC heap before
{Heap before GC invocations=5 (full 0):
 garbage-first heap   total 126976K, used 9880K [0x0000000084400000, 0x0000000100000000)
  region size 1024K, 6 young (6144K), 1 survivors (1024K)
 Metaspace       used 8732K, committed 8896K, reserved 1114112K
  class space    used 1008K, committed 1088K, reserved 1048576K
}
Event: 154.721 GC heap after
{Heap after GC invocations=6 (full 0):
 garbage-first heap   total 126976K, used 5195K [0x0000000084400000, 0x0000000100000000)
  region size 1024K, 1 young (1024K), 1 survivors (1024K)
 Metaspace       used 8732K, committed 8896K, reserved 1114112K
  class space    used 1008K, committed 1088K, reserved 1048576K
}
Event: 156.031 GC heap before
{Heap before GC invocations=6 (full 0):
 garbage-first heap   total 126976K, used 9291K [0x0000000084400000, 0x0000000100000000)
  region size 1024K, 6 young (6144K), 1 survivors (1024K)
 Metaspace       used 9739K, committed 9920K, reserved 1114112K
  class space    used 1136K, committed 1216K, reserved 1048576K
}
Event: 156.117 GC heap after
{Heap after GC invocations=7 (full 0):
 garbage-first heap   total 126976K, used 5573K [0x0000000084400000, 0x0000000100000000)
  region size 1024K, 1 young (1024K), 1 survivors (1024K)
 Metaspace       used 9739K, committed 9920K, reserved 1114112K
  class space    used 1136K, committed 1216K, reserved 1048576K
}
Event: 158.859 GC heap before
{Heap before GC invocations=7 (full 0):
 garbage-first heap   total 126976K, used 10693K [0x0000000084400000, 0x0000000100000000)
  region size 1024K, 6 young (6144K), 1 survivors (1024K)
 Metaspace       used 10902K, committed 11072K, reserved 1114112K
  class space    used 1279K, committed 1344K, reserved 1048576K
}

